android/app/build/intermediates/manifest_merge_blame_file/debug/manifest-merger-blame-debug-report.txt
1<?xml version="1.0" encoding="utf-8"?>
2<manifest xmlns:android="http://schemas.android.com/apk/res/android"
3    package="com.ereselmejor"
4    android:versionCode="1"
5    android:versionName="1.0.0" >
6
7    <uses-sdk
8        android:minSdkVersion="21"
9        android:targetSdkVersion="29" />
10
11    <uses-permission android:name="android.permission.SYSTEM_ALERT_WINDOW" />
11-->src\main\AndroidManifest.xml:3:3-75
11-->src\main\AndroidManifest.xml:3:20-73
12    <uses-permission android:name="android.permission.INTERNET" />
12-->src\main\AndroidManifest.xml:2:3-64
12-->src\main\AndroidManifest.xml:2:20-62
13    <uses-permission android:name="android.permission.READ_PHONE_STATE" />
13-->src\main\AndroidManifest.xml:4:3-72
13-->src\main\AndroidManifest.xml:4:20-70
14    <uses-permission android:name="android.permission.USE_FINGERPRINT" />
14-->src\main\AndroidManifest.xml:5:3-71
14-->src\main\AndroidManifest.xml:5:20-69
15    <uses-permission android:name="android.permission.USE_BIOMETRIC" />
15-->src\main\AndroidManifest.xml:6:3-69
15-->src\main\AndroidManifest.xml:6:20-67
16    <uses-permission android:name="android.permission.VIBRATE" />
16-->src\main\AndroidManifest.xml:7:3-63
16-->src\main\AndroidManifest.xml:7:20-61
17    <uses-permission android:name="android.permission.MODIFY_AUDIO_SETTINGS" />
17-->src\main\AndroidManifest.xml:8:3-77
17-->src\main\AndroidManifest.xml:8:20-75
18    <uses-permission android:name="android.permission.ACCESS_COARSE_LOCATION" />
18-->src\main\AndroidManifest.xml:9:3-78
18-->src\main\AndroidManifest.xml:9:20-76
19    <uses-permission android:name="android.permission.ACCESS_FINE_LOCATION" />
19-->src\main\AndroidManifest.xml:10:3-76
19-->src\main\AndroidManifest.xml:10:20-74
20    <uses-permission android:name="android.permission.ACCESS_BACKGROUND_LOCATION" />
20-->src\main\AndroidManifest.xml:11:3-82
20-->src\main\AndroidManifest.xml:11:20-80
21    <uses-permission android:name="android.permission.CAMERA" />
21-->src\main\AndroidManifest.xml:12:3-62
21-->src\main\AndroidManifest.xml:12:20-60
22    <uses-permission android:name="android.permission.RECORD_AUDIO" />
22-->src\main\AndroidManifest.xml:13:3-68
22-->src\main\AndroidManifest.xml:13:20-66
23    <uses-permission android:name="android.permission.READ_CONTACTS" />
23-->src\main\AndroidManifest.xml:14:3-69
23-->src\main\AndroidManifest.xml:14:20-67
24    <uses-permission android:name="android.permission.WRITE_CONTACTS" />
24-->src\main\AndroidManifest.xml:15:3-70
24-->src\main\AndroidManifest.xml:15:20-68
25    <uses-permission android:name="android.permission.READ_CALENDAR" />
25-->src\main\AndroidManifest.xml:16:3-69
25-->src\main\AndroidManifest.xml:16:20-67
26    <uses-permission android:name="android.permission.WRITE_CALENDAR" />
26-->src\main\AndroidManifest.xml:17:3-70
26-->src\main\AndroidManifest.xml:17:20-68
27    <uses-permission android:name="android.permission.READ_EXTERNAL_STORAGE" />
27-->src\main\AndroidManifest.xml:18:3-77
27-->src\main\AndroidManifest.xml:18:20-75
28    <uses-permission android:name="android.permission.WRITE_EXTERNAL_STORAGE" />
28-->src\main\AndroidManifest.xml:19:3-78
28-->src\main\AndroidManifest.xml:19:20-76
29    <uses-permission android:name="android.permission.WRITE_SETTINGS" />
29-->src\main\AndroidManifest.xml:20:3-70
29-->src\main\AndroidManifest.xml:20:20-68
30    <uses-permission android:name="android.permission.ACCESS_NETWORK_STATE" />
30-->src\main\AndroidManifest.xml:21:3-76
30-->src\main\AndroidManifest.xml:21:20-74
31    <uses-permission android:name="android.permission.WAKE_LOCK" />
31-->src\main\AndroidManifest.xml:22:3-65
31-->src\main\AndroidManifest.xml:22:20-63
32    <uses-permission android:name="android.permission.RECEIVE_BOOT_COMPLETED" />
32-->src\main\AndroidManifest.xml:24:3-78
32-->src\main\AndroidManifest.xml:24:20-76
33    <uses-permission android:name="com.google.android.c2dm.permission.RECEIVE" />
33-->src\main\AndroidManifest.xml:26:3-79
33-->src\main\AndroidManifest.xml:26:20-77
34    <uses-permission android:name="android.permission.ACCESS_WIFI_STATE" />
34-->[com.facebook.flipper:flipper:0.54.0] AndroidManifest.xml:16:5-76
34-->[com.facebook.flipper:flipper:0.54.0] AndroidManifest.xml:16:22-73
35    <uses-permission android:name="android.permission.FOREGROUND_SERVICE" />
35-->[:expo-location] AndroidManifest.xml:14:5-77
35-->[:expo-location] AndroidManifest.xml:14:22-74
36    <uses-permission android:name="com.google.android.finsky.permission.BIND_GET_INSTALL_REFERRER_SERVICE" />
36-->[com.google.android.gms:play-services-measurement:18.0.0] AndroidManifest.xml:26:5-110
36-->[com.google.android.gms:play-services-measurement:18.0.0] AndroidManifest.xml:26:22-107
37    <uses-permission android:name="com.google.android.providers.gsf.permission.READ_GSERVICES" />
37-->[io.nlopez.smartlocation:library:3.2.11] AndroidManifest.xml:15:5-98
37-->[io.nlopez.smartlocation:library:3.2.11] AndroidManifest.xml:15:22-95
38    <uses-permission android:name="com.google.android.gms.permission.ACTIVITY_RECOGNITION" /> <!-- for android -->
38-->[io.nlopez.smartlocation:library:3.2.11] AndroidManifest.xml:16:5-94
38-->[io.nlopez.smartlocation:library:3.2.11] AndroidManifest.xml:16:22-91
39    <!-- <uses-permission android:name="com.android.launcher.permission.READ_SETTINGS"/> -->
40    <!-- <uses-permission android:name="com.android.launcher.permission.WRITE_SETTINGS"/> -->
41    <!-- <uses-permission android:name="com.android.launcher.permission.INSTALL_SHORTCUT" /> -->
42    <!-- <uses-permission android:name="com.android.launcher.permission.UNINSTALL_SHORTCUT" /> -->
43    <!-- for Samsung -->
44    <uses-permission android:name="com.sec.android.provider.badge.permission.READ" />
44-->[me.leolin:ShortcutBadger:1.1.22] AndroidManifest.xml:19:5-86
44-->[me.leolin:ShortcutBadger:1.1.22] AndroidManifest.xml:19:22-83
45    <uses-permission android:name="com.sec.android.provider.badge.permission.WRITE" /> <!-- for htc -->
45-->[me.leolin:ShortcutBadger:1.1.22] AndroidManifest.xml:20:5-87
45-->[me.leolin:ShortcutBadger:1.1.22] AndroidManifest.xml:20:22-84
46    <uses-permission android:name="com.htc.launcher.permission.READ_SETTINGS" />
46-->[me.leolin:ShortcutBadger:1.1.22] AndroidManifest.xml:23:5-81
46-->[me.leolin:ShortcutBadger:1.1.22] AndroidManifest.xml:23:22-78
47    <uses-permission android:name="com.htc.launcher.permission.UPDATE_SHORTCUT" /> <!-- for sony -->
47-->[me.leolin:ShortcutBadger:1.1.22] AndroidManifest.xml:24:5-83
47-->[me.leolin:ShortcutBadger:1.1.22] AndroidManifest.xml:24:22-80
48    <uses-permission android:name="com.sonyericsson.home.permission.BROADCAST_BADGE" />
48-->[me.leolin:ShortcutBadger:1.1.22] AndroidManifest.xml:27:5-88
48-->[me.leolin:ShortcutBadger:1.1.22] AndroidManifest.xml:27:22-85
49    <uses-permission android:name="com.sonymobile.home.permission.PROVIDER_INSERT_BADGE" /> <!-- for apex -->
49-->[me.leolin:ShortcutBadger:1.1.22] AndroidManifest.xml:28:5-92
49-->[me.leolin:ShortcutBadger:1.1.22] AndroidManifest.xml:28:22-89
50    <uses-permission android:name="com.anddoes.launcher.permission.UPDATE_COUNT" /> <!-- for solid -->
50-->[me.leolin:ShortcutBadger:1.1.22] AndroidManifest.xml:31:5-84
50-->[me.leolin:ShortcutBadger:1.1.22] AndroidManifest.xml:31:22-81
51    <uses-permission android:name="com.majeur.launcher.permission.UPDATE_BADGE" /> <!-- for huawei -->
51-->[me.leolin:ShortcutBadger:1.1.22] AndroidManifest.xml:34:5-83
51-->[me.leolin:ShortcutBadger:1.1.22] AndroidManifest.xml:34:22-80
52    <uses-permission android:name="com.huawei.android.launcher.permission.CHANGE_BADGE" />
52-->[me.leolin:ShortcutBadger:1.1.22] AndroidManifest.xml:37:5-91
52-->[me.leolin:ShortcutBadger:1.1.22] AndroidManifest.xml:37:22-88
53    <uses-permission android:name="com.huawei.android.launcher.permission.READ_SETTINGS" />
53-->[me.leolin:ShortcutBadger:1.1.22] AndroidManifest.xml:38:5-92
53-->[me.leolin:ShortcutBadger:1.1.22] AndroidManifest.xml:38:22-89
54    <uses-permission android:name="com.huawei.android.launcher.permission.WRITE_SETTINGS" /> <!-- for ZUK -->
54-->[me.leolin:ShortcutBadger:1.1.22] AndroidManifest.xml:39:5-93
54-->[me.leolin:ShortcutBadger:1.1.22] AndroidManifest.xml:39:22-90
55    <uses-permission android:name="android.permission.READ_APP_BADGE" /> <!-- for OPPO -->
55-->[me.leolin:ShortcutBadger:1.1.22] AndroidManifest.xml:42:5-73
55-->[me.leolin:ShortcutBadger:1.1.22] AndroidManifest.xml:42:22-70
56    <uses-permission android:name="com.oppo.launcher.permission.READ_SETTINGS" />
56-->[me.leolin:ShortcutBadger:1.1.22] AndroidManifest.xml:45:5-82
56-->[me.leolin:ShortcutBadger:1.1.22] AndroidManifest.xml:45:22-79
57    <uses-permission android:name="com.oppo.launcher.permission.WRITE_SETTINGS" /> <!-- for EvMe -->
57-->[me.leolin:ShortcutBadger:1.1.22] AndroidManifest.xml:46:5-83
57-->[me.leolin:ShortcutBadger:1.1.22] AndroidManifest.xml:46:22-80
58    <uses-permission android:name="me.everything.badger.permission.BADGE_COUNT_READ" />
58-->[me.leolin:ShortcutBadger:1.1.22] AndroidManifest.xml:49:5-88
58-->[me.leolin:ShortcutBadger:1.1.22] AndroidManifest.xml:49:22-85
59    <uses-permission android:name="me.everything.badger.permission.BADGE_COUNT_WRITE" />
59-->[me.leolin:ShortcutBadger:1.1.22] AndroidManifest.xml:50:5-89
59-->[me.leolin:ShortcutBadger:1.1.22] AndroidManifest.xml:50:22-86
60
61    <application
61-->src\main\AndroidManifest.xml:27:3-70:17
62        android:name="com.ereselmejor.MainApplication"
62-->src\main\AndroidManifest.xml:27:16-47
63        android:allowBackup="true"
63-->src\main\AndroidManifest.xml:27:162-188
64        android:appComponentFactory="androidx.core.app.CoreComponentFactory"
64-->[androidx.core:core:1.1.0] AndroidManifest.xml:24:18-86
65        android:debuggable="true"
66        android:icon="@mipmap/ic_launcher"
66-->src\main\AndroidManifest.xml:27:81-115
67        android:label="@string/app_name"
67-->src\main\AndroidManifest.xml:27:48-80
68        android:roundIcon="@mipmap/ic_launcher_round"
68-->src\main\AndroidManifest.xml:27:116-161
69        android:theme="@style/AppTheme"
69-->src\main\AndroidManifest.xml:27:189-220
70        android:usesCleartextTraffic="true" > <!-- Change the value to true to enable pop-up for in foreground on receiving remote notifications (for prevent duplicating while showing local notifications set this to false) -->
70-->src\debug\AndroidManifest.xml:6:18-53
71        <meta-data
71-->src\main\AndroidManifest.xml:29:9-30:44
72            android:name="com.dieam.reactnativepushnotification.notification_foreground"
72-->src\main\AndroidManifest.xml:29:21-97
73            android:value="false" /> <!-- Change the resource name to your App's accent color - or any other color you want -->
73-->src\main\AndroidManifest.xml:30:21-42
74        <meta-data
74-->src\main\AndroidManifest.xml:32:9-33:54
75            android:name="com.dieam.reactnativepushnotification.notification_color"
75-->src\main\AndroidManifest.xml:32:21-92
76            android:resource="@color/white" /> <!-- or @android:color/{name} to use a standard color -->
76-->src\main\AndroidManifest.xml:33:21-52
77        <receiver android:name="com.dieam.reactnativepushnotification.modules.RNPushNotificationActions" />
77-->src\main\AndroidManifest.xml:34:9-108
77-->src\main\AndroidManifest.xml:34:19-105
78        <receiver android:name="com.dieam.reactnativepushnotification.modules.RNPushNotificationPublisher" />
78-->src\main\AndroidManifest.xml:35:9-110
78-->src\main\AndroidManifest.xml:35:19-107
79        <receiver android:name="com.dieam.reactnativepushnotification.modules.RNPushNotificationBootEventReceiver" >
79-->src\main\AndroidManifest.xml:36:9-42:20
79-->src\main\AndroidManifest.xml:36:19-115
80            <intent-filter>
80-->src\main\AndroidManifest.xml:37:13-41:29
81                <action android:name="android.intent.action.BOOT_COMPLETED" />
81-->src\main\AndroidManifest.xml:38:17-79
81-->src\main\AndroidManifest.xml:38:25-76
82                <action android:name="android.intent.action.QUICKBOOT_POWERON" />
82-->src\main\AndroidManifest.xml:39:17-82
82-->src\main\AndroidManifest.xml:39:25-79
83                <action android:name="com.htc.intent.action.QUICKBOOT_POWERON" />
83-->src\main\AndroidManifest.xml:40:17-81
83-->src\main\AndroidManifest.xml:40:25-79
84            </intent-filter>
85        </receiver>
86
87        <service
87-->src\main\AndroidManifest.xml:44:9-50:19
88            android:name="com.dieam.reactnativepushnotification.modules.RNPushNotificationListenerService"
88-->src\main\AndroidManifest.xml:45:13-107
89            android:exported="false" >
89-->src\main\AndroidManifest.xml:46:13-37
90            <intent-filter>
90-->src\main\AndroidManifest.xml:47:13-49:29
91                <action android:name="com.google.firebase.MESSAGING_EVENT" />
91-->src\main\AndroidManifest.xml:48:17-78
91-->src\main\AndroidManifest.xml:48:25-75
92            </intent-filter>
93        </service>
94
95        <meta-data
95-->src\main\AndroidManifest.xml:52:5-127
96            android:name="expo.modules.updates.EXPO_UPDATE_URL"
96-->src\main\AndroidManifest.xml:52:16-67
97            android:value="https://exp.host/@svazquezcan/EresElMejor" />
97-->src\main\AndroidManifest.xml:52:68-125
98        <meta-data
98-->src\main\AndroidManifest.xml:53:5-93
99            android:name="expo.modules.updates.EXPO_SDK_VERSION"
99-->src\main\AndroidManifest.xml:53:16-68
100            android:value="39.0.0" />
100-->src\main\AndroidManifest.xml:53:69-91
101        <meta-data
101-->src\main\AndroidManifest.xml:54:5-82
102            android:name="expo.modules.updates.ENABLED"
102-->src\main\AndroidManifest.xml:54:16-59
103            android:value="true" />
103-->src\main\AndroidManifest.xml:54:60-80
104        <meta-data
104-->src\main\AndroidManifest.xml:55:5-105
105            android:name="expo.modules.updates.EXPO_UPDATES_CHECK_ON_LAUNCH"
105-->src\main\AndroidManifest.xml:55:16-80
106            android:value="ALWAYS" />
106-->src\main\AndroidManifest.xml:55:81-103
107        <meta-data
107-->src\main\AndroidManifest.xml:56:5-99
108            android:name="expo.modules.updates.EXPO_UPDATES_LAUNCH_WAIT_MS"
108-->src\main\AndroidManifest.xml:56:16-79
109            android:value="0" />
109-->src\main\AndroidManifest.xml:56:80-97
110
111        <activity
111-->src\main\AndroidManifest.xml:57:5-68:16
112            android:name="com.ereselmejor.MainActivity"
112-->src\main\AndroidManifest.xml:57:15-43
113            android:configChanges="keyboard|keyboardHidden|orientation|screenSize|uiMode"
113-->src\main\AndroidManifest.xml:57:77-154
114            android:label="@string/app_name"
114-->src\main\AndroidManifest.xml:57:44-76
115            android:launchMode="singleTask"
115-->src\main\AndroidManifest.xml:57:155-186
116            android:screenOrientation="portrait"
116-->src\main\AndroidManifest.xml:57:276-312
117            android:theme="@style/Theme.App.SplashScreen"
117-->src\main\AndroidManifest.xml:57:230-275
118            android:windowSoftInputMode="adjustResize" >
118-->src\main\AndroidManifest.xml:57:187-229
119            <intent-filter>
119-->src\main\AndroidManifest.xml:58:7-61:23
120                <action android:name="android.intent.action.MAIN" />
120-->src\main\AndroidManifest.xml:59:9-60
120-->src\main\AndroidManifest.xml:59:17-58
121
122                <category android:name="android.intent.category.LAUNCHER" />
122-->src\main\AndroidManifest.xml:60:9-68
122-->src\main\AndroidManifest.xml:60:19-66
123            </intent-filter>
124            <intent-filter>
124-->src\main\AndroidManifest.xml:62:7-67:23
125                <action android:name="android.intent.action.VIEW" />
125-->src\main\AndroidManifest.xml:63:9-60
125-->src\main\AndroidManifest.xml:63:17-58
126
127                <category android:name="android.intent.category.DEFAULT" />
127-->src\main\AndroidManifest.xml:64:9-67
127-->src\main\AndroidManifest.xml:64:19-65
128                <category android:name="android.intent.category.BROWSABLE" />
128-->src\main\AndroidManifest.xml:65:9-69
128-->src\main\AndroidManifest.xml:65:19-67
129
130                <data android:scheme="com.ereselmejor" />
130-->src\main\AndroidManifest.xml:66:9-49
130-->src\main\AndroidManifest.xml:66:15-47
131            </intent-filter>
132        </activity>
133        <activity android:name="com.facebook.react.devsupport.DevSettingsActivity" />
133-->src\main\AndroidManifest.xml:69:5-81
133-->src\main\AndroidManifest.xml:69:15-79
134
135        <meta-data
135-->[:unimodules-react-native-adapter] AndroidManifest.xml:12:9-14:91
136            android:name="org.unimodules.core.AppLoader#react-native-headless"
136-->[:unimodules-react-native-adapter] AndroidManifest.xml:13:13-79
137            android:value="org.unimodules.adapters.react.apploader.RNHeadlessAppLoader" />
137-->[:unimodules-react-native-adapter] AndroidManifest.xml:14:13-88
138
139        <provider
139-->[:expo-file-system] AndroidManifest.xml:17:9-26:20
140            android:name="expo.modules.filesystem.FileSystemFileProvider"
140-->[:expo-file-system] AndroidManifest.xml:18:13-74
141            android:authorities="com.ereselmejor.FileSystemFileProvider"
141-->[:expo-file-system] AndroidManifest.xml:19:13-74
142            android:exported="false"
142-->[:expo-file-system] AndroidManifest.xml:20:13-37
143            android:grantUriPermissions="true" >
143-->[:expo-file-system] AndroidManifest.xml:21:13-47
144            <meta-data
144-->[:expo-file-system] AndroidManifest.xml:23:13-25:70
145                android:name="android.support.FILE_PROVIDER_PATHS"
145-->[:expo-file-system] AndroidManifest.xml:24:17-67
146                android:resource="@xml/file_system_provider_paths" />
146-->[:expo-file-system] AndroidManifest.xml:25:17-67
147        </provider>
148
149        <service
149-->[:expo-location] AndroidManifest.xml:17:9-19:40
150            android:name="expo.modules.location.services.LocationTaskService"
150-->[:expo-location] AndroidManifest.xml:18:13-78
151            android:exported="false" />
151-->[:expo-location] AndroidManifest.xml:19:13-37
152        <!--
153             FirebaseMessagingService performs security checks at runtime,
154             but set to not exported to explicitly avoid allowing another app to call it.
155        -->
156        <service
156-->[com.google.firebase:firebase-messaging:21.0.1] AndroidManifest.xml:28:9-35:19
157            android:name="com.google.firebase.messaging.FirebaseMessagingService"
157-->[com.google.firebase:firebase-messaging:21.0.1] AndroidManifest.xml:29:13-82
158            android:directBootAware="true"
158-->[com.google.firebase:firebase-messaging:21.0.1] AndroidManifest.xml:30:13-43
159            android:exported="false" >
159-->[com.google.firebase:firebase-messaging:21.0.1] AndroidManifest.xml:31:13-37
160            <intent-filter android:priority="-500" >
160-->src\main\AndroidManifest.xml:47:13-49:29
161                <action android:name="com.google.firebase.MESSAGING_EVENT" />
161-->src\main\AndroidManifest.xml:48:17-78
161-->src\main\AndroidManifest.xml:48:25-75
162            </intent-filter>
163        </service>
164        <service
164-->[com.google.firebase:firebase-messaging:21.0.1] AndroidManifest.xml:36:9-42:19
165            android:name="com.google.firebase.components.ComponentDiscoveryService"
165-->[com.google.firebase:firebase-messaging:21.0.1] AndroidManifest.xml:37:13-84
166            android:directBootAware="true"
166-->[com.google.firebase:firebase-common:19.5.0] AndroidManifest.xml:35:13-43
167            android:exported="false" >
167-->[com.google.firebase:firebase-messaging:21.0.1] AndroidManifest.xml:38:13-37
168            <meta-data
168-->[com.google.firebase:firebase-messaging:21.0.1] AndroidManifest.xml:39:13-41:85
169                android:name="com.google.firebase.components:com.google.firebase.messaging.FirebaseMessagingRegistrar"
169-->[com.google.firebase:firebase-messaging:21.0.1] AndroidManifest.xml:40:17-119
170                android:value="com.google.firebase.components.ComponentRegistrar" />
170-->[com.google.firebase:firebase-messaging:21.0.1] AndroidManifest.xml:41:17-82
171            <meta-data
171-->[com.google.firebase:firebase-datatransport:17.0.10] AndroidManifest.xml:28:13-30:85
172                android:name="com.google.firebase.components:com.google.firebase.datatransport.TransportRegistrar"
172-->[com.google.firebase:firebase-datatransport:17.0.10] AndroidManifest.xml:29:17-115
173                android:value="com.google.firebase.components.ComponentRegistrar" />
173-->[com.google.firebase:firebase-datatransport:17.0.10] AndroidManifest.xml:30:17-82
174            <meta-data
174-->[com.google.firebase:firebase-firestore:22.0.1] AndroidManifest.xml:20:13-22:85
175                android:name="com.google.firebase.components:com.google.firebase.firestore.FirestoreRegistrar"
175-->[com.google.firebase:firebase-firestore:22.0.1] AndroidManifest.xml:21:17-111
176                android:value="com.google.firebase.components.ComponentRegistrar" />
176-->[com.google.firebase:firebase-firestore:22.0.1] AndroidManifest.xml:22:17-82
177            <meta-data
177-->[com.google.firebase:firebase-iid:21.0.1] AndroidManifest.xml:32:13-34:85
178                android:name="com.google.firebase.components:com.google.firebase.iid.Registrar"
178-->[com.google.firebase:firebase-iid:21.0.1] AndroidManifest.xml:33:17-96
179                android:value="com.google.firebase.components.ComponentRegistrar" />
179-->[com.google.firebase:firebase-iid:21.0.1] AndroidManifest.xml:34:17-82
180            <meta-data
180-->[com.google.android.gms:play-services-measurement-api:18.0.0] AndroidManifest.xml:30:13-32:85
181                android:name="com.google.firebase.components:com.google.firebase.analytics.connector.internal.AnalyticsConnectorRegistrar"
181-->[com.google.android.gms:play-services-measurement-api:18.0.0] AndroidManifest.xml:31:17-139
182                android:value="com.google.firebase.components.ComponentRegistrar" />
182-->[com.google.android.gms:play-services-measurement-api:18.0.0] AndroidManifest.xml:32:17-82
183            <meta-data
183-->[com.google.firebase:firebase-installations:16.3.5] AndroidManifest.xml:18:13-20:85
184                android:name="com.google.firebase.components:com.google.firebase.installations.FirebaseInstallationsRegistrar"
184-->[com.google.firebase:firebase-installations:16.3.5] AndroidManifest.xml:19:17-127
185                android:value="com.google.firebase.components.ComponentRegistrar" />
185-->[com.google.firebase:firebase-installations:16.3.5] AndroidManifest.xml:20:17-82
186            <!--
187                This registrar is not defined in the dynamic-module-support sdk itself to allow non-firebase
188                clients to use it as well, by defining this registrar in their own core/common library.
189            -->
190            <meta-data
190-->[com.google.firebase:firebase-common:19.5.0] AndroidManifest.xml:43:13-45:85
191                android:name="com.google.firebase.components:com.google.firebase.dynamicloading.DynamicLoadingRegistrar"
191-->[com.google.firebase:firebase-common:19.5.0] AndroidManifest.xml:44:17-121
192                android:value="com.google.firebase.components.ComponentRegistrar" />
192-->[com.google.firebase:firebase-common:19.5.0] AndroidManifest.xml:45:17-82
193        </service>
194        <service
194-->[com.google.android.datatransport:transport-backend-cct:2.3.3] AndroidManifest.xml:29:9-35:19
195            android:name="com.google.android.datatransport.runtime.backends.TransportBackendDiscovery"
195-->[com.google.android.datatransport:transport-backend-cct:2.3.3] AndroidManifest.xml:30:13-103
196            android:exported="false" >
196-->[com.google.android.datatransport:transport-backend-cct:2.3.3] AndroidManifest.xml:31:13-37
197            <meta-data
197-->[com.google.android.datatransport:transport-backend-cct:2.3.3] AndroidManifest.xml:32:13-34:39
198                android:name="backend:com.google.android.datatransport.cct.CctBackendFactory"
198-->[com.google.android.datatransport:transport-backend-cct:2.3.3] AndroidManifest.xml:33:17-94
199                android:value="cct" />
199-->[com.google.android.datatransport:transport-backend-cct:2.3.3] AndroidManifest.xml:34:17-36
200        </service>
201        <service
201-->[com.google.android.datatransport:transport-runtime:2.2.5] AndroidManifest.xml:26:9-30:19
202            android:name="com.google.android.datatransport.runtime.scheduling.jobscheduling.JobInfoSchedulerService"
202-->[com.google.android.datatransport:transport-runtime:2.2.5] AndroidManifest.xml:27:13-117
203            android:exported="false"
203-->[com.google.android.datatransport:transport-runtime:2.2.5] AndroidManifest.xml:28:13-37
204            android:permission="android.permission.BIND_JOB_SERVICE" >
204-->[com.google.android.datatransport:transport-runtime:2.2.5] AndroidManifest.xml:29:13-69
205        </service>
206
207        <receiver
207-->[com.google.android.datatransport:transport-runtime:2.2.5] AndroidManifest.xml:32:9-34:40
208            android:name="com.google.android.datatransport.runtime.scheduling.jobscheduling.AlarmManagerSchedulerBroadcastReceiver"
208-->[com.google.android.datatransport:transport-runtime:2.2.5] AndroidManifest.xml:33:13-132
209            android:exported="false" />
209-->[com.google.android.datatransport:transport-runtime:2.2.5] AndroidManifest.xml:34:13-37
210
211        <activity
211-->[com.google.android.gms:play-services-auth:19.0.0] AndroidManifest.xml:23:9-27:75
212            android:name="com.google.android.gms.auth.api.signin.internal.SignInHubActivity"
212-->[com.google.android.gms:play-services-auth:19.0.0] AndroidManifest.xml:24:13-93
213            android:excludeFromRecents="true"
213-->[com.google.android.gms:play-services-auth:19.0.0] AndroidManifest.xml:25:13-46
214            android:exported="false"
214-->[com.google.android.gms:play-services-auth:19.0.0] AndroidManifest.xml:26:13-37
215            android:theme="@android:style/Theme.Translucent.NoTitleBar" />
215-->[com.google.android.gms:play-services-auth:19.0.0] AndroidManifest.xml:27:13-72
216        <!--
217            Service handling Google Sign-In user revocation. For apps that do not integrate with
218            Google Sign-In, this service will never be started.
219        -->
220        <service
220-->[com.google.android.gms:play-services-auth:19.0.0] AndroidManifest.xml:33:9-37:51
221            android:name="com.google.android.gms.auth.api.signin.RevocationBoundService"
221-->[com.google.android.gms:play-services-auth:19.0.0] AndroidManifest.xml:34:13-89
222            android:exported="true"
222-->[com.google.android.gms:play-services-auth:19.0.0] AndroidManifest.xml:35:13-36
223            android:permission="com.google.android.gms.auth.api.signin.permission.REVOCATION_NOTIFICATION"
223-->[com.google.android.gms:play-services-auth:19.0.0] AndroidManifest.xml:36:13-107
224            android:visibleToInstantApps="true" />
224-->[com.google.android.gms:play-services-auth:19.0.0] AndroidManifest.xml:37:13-48
225
226        <receiver
226-->[com.google.firebase:firebase-iid:21.0.1] AndroidManifest.xml:37:9-44:20
227            android:name="com.google.firebase.iid.FirebaseInstanceIdReceiver"
227-->[com.google.firebase:firebase-iid:21.0.1] AndroidManifest.xml:38:13-78
228            android:exported="true"
228-->[com.google.firebase:firebase-iid:21.0.1] AndroidManifest.xml:39:13-36
229            android:permission="com.google.android.c2dm.permission.SEND" >
229-->[com.google.firebase:firebase-iid:21.0.1] AndroidManifest.xml:40:13-73
230            <intent-filter>
230-->[com.google.firebase:firebase-iid:21.0.1] AndroidManifest.xml:41:13-43:29
231                <action android:name="com.google.android.c2dm.intent.RECEIVE" />
231-->[com.google.firebase:firebase-iid:21.0.1] AndroidManifest.xml:42:17-81
231-->[com.google.firebase:firebase-iid:21.0.1] AndroidManifest.xml:42:25-78
232            </intent-filter>
233        </receiver>
234
235        <activity
235-->[com.google.android.gms:play-services-base:17.1.0] AndroidManifest.xml:23:9-26:75
236            android:name="com.google.android.gms.common.api.GoogleApiActivity"
236-->[com.google.android.gms:play-services-base:17.1.0] AndroidManifest.xml:24:13-79
237            android:exported="false"
237-->[com.google.android.gms:play-services-base:17.1.0] AndroidManifest.xml:25:13-37
238            android:theme="@android:style/Theme.Translucent.NoTitleBar" />
238-->[com.google.android.gms:play-services-base:17.1.0] AndroidManifest.xml:26:13-72
239
240        <provider
240-->[com.google.firebase:firebase-common:19.5.0] AndroidManifest.xml:26:9-31:39
241            android:name="com.google.firebase.provider.FirebaseInitProvider"
241-->[com.google.firebase:firebase-common:19.5.0] AndroidManifest.xml:27:13-77
242            android:authorities="com.ereselmejor.firebaseinitprovider"
242-->[com.google.firebase:firebase-common:19.5.0] AndroidManifest.xml:28:13-72
243            android:directBootAware="true"
243-->[com.google.firebase:firebase-common:19.5.0] AndroidManifest.xml:29:13-43
244            android:exported="false"
244-->[com.google.firebase:firebase-common:19.5.0] AndroidManifest.xml:30:13-37
245            android:initOrder="100" />
245-->[com.google.firebase:firebase-common:19.5.0] AndroidManifest.xml:31:13-36
246
247        <receiver
247-->[com.google.android.gms:play-services-measurement:18.0.0] AndroidManifest.xml:29:9-33:20
248            android:name="com.google.android.gms.measurement.AppMeasurementReceiver"
248-->[com.google.android.gms:play-services-measurement:18.0.0] AndroidManifest.xml:30:13-85
249            android:enabled="true"
249-->[com.google.android.gms:play-services-measurement:18.0.0] AndroidManifest.xml:31:13-35